# JRE version: OpenJDK Runtime Environment (8.0_152-b06) (build 1.8.0_152-release-1136-b06)
# Java VM: OpenJDK 64-Bit Server VM (25.152-b06 mixed mode windows-amd64 compressed oops)
Heap:
 PSYoungGen      total 452608K, used 97164K [0x00000000e0000000, 0x00000000fff80000, 0x0000000100000000)
  eden space 376832K, 20% used [0x00000000e0000000,0x00000000e4b998a0,0x00000000f7000000)
  from space 75776K, 26% used [0x00000000fb580000,0x00000000fc8c97a8,0x00000000fff80000)
  to   space 71168K, 0% used [0x00000000f7000000,0x00000000f7000000,0x00000000fb580000)
 ParOldGen       total 395264K, used 357400K [0x00000000a0000000, 0x00000000b8200000, 0x00000000e0000000)
  object space 395264K, 90% used [0x00000000a0000000,0x00000000b5d06210,0x00000000b8200000)
 Metaspace       used 103044K, capacity 110222K, committed 110464K, reserved 1144832K
  class space    used 12621K, capacity 14057K, committed 14208K, reserved 1048576K
GC Heap History (10 events):
Event: 11425.820 GC heap before
{Heap before GC invocations=112 (full 6):
 PSYoungGen      total 434688K, used 380855K [0x00000000e0000000, 0x00000000ff980000, 0x0000000100000000)
  eden space 354816K, 99% used [0x00000000e0000000,0x00000000f5a70770,0x00000000f5a80000)
  from space 79872K, 32% used [0x00000000f5a80000,0x00000000f73fd730,0x00000000fa880000)
  to   space 75776K, 0% used [0x00000000faf80000,0x00000000faf80000,0x00000000ff980000)
 ParOldGen       total 395264K, used 341619K [0x00000000a0000000, 0x00000000b8200000, 0x00000000e0000000)
  object space 395264K, 86% used [0x00000000a0000000,0x00000000b4d9ccf0,0x00000000b8200000)
 Metaspace       used 102456K, capacity 109546K, committed 109824K, reserved 1144832K
  class space    used 12576K, capacity 13977K, committed 14080K, reserved 1048576K
Event: 11426.597 GC heap after
Heap after GC invocations=112 (full 6):
 PSYoungGen      total 440832K, used 7585K [0x00000000e0000000, 0x00000000ff600000, 0x0000000100000000)
  eden space 368640K, 0% used [0x00000000e0000000,0x00000000e0000000,0x00000000f6800000)
  from space 72192K, 10% used [0x00000000faf80000,0x00000000fb6e8548,0x00000000ff600000)
  to   space 72704K, 0% used [0x00000000f6800000,0x00000000f6800000,0x00000000faf00000)
 ParOldGen       total 395264K, used 347970K [0x00000000a0000000, 0x00000000b8200000, 0x00000000e0000000)
  object space 395264K, 88% used [0x00000000a0000000,0x00000000b53d08a0,0x00000000b8200000)
 Metaspace       used 102456K, capacity 109546K, committed 109824K, reserved 1144832K
  class space    used 12576K, capacity 13977K, committed 14080K, reserved 1048576K
}
Event: 11659.771 GC heap before
{Heap before GC invocations=113 (full 6):
 PSYoungGen      total 440832K, used 376225K [0x00000000e0000000, 0x00000000ff600000, 0x0000000100000000)
  eden space 368640K, 100% used [0x00000000e0000000,0x00000000f6800000,0x00000000f6800000)
  from space 72192K, 10% used [0x00000000faf80000,0x00000000fb6e8548,0x00000000ff600000)
  to   space 72704K, 0% used [0x00000000f6800000,0x00000000f6800000,0x00000000faf00000)
 ParOldGen       total 395264K, used 347970K [0x00000000a0000000, 0x00000000b8200000, 0x00000000e0000000)
  object space 395264K, 88% used [0x00000000a0000000,0x00000000b53d08a0,0x00000000b8200000)
 Metaspace       used 102473K, capacity 109552K, committed 109824K, reserved 1144832K
  class space    used 12576K, capacity 13979K, committed 14080K, reserved 1048576K
Event: 11659.856 GC heap after
Heap after GC invocations=113 (full 6):
 PSYoungGen      total 441344K, used 13434K [0x00000000e0000000, 0x00000000ff880000, 0x0000000100000000)
  eden space 368640K, 0% used [0x00000000e0000000,0x00000000e0000000,0x00000000f6800000)
  from space 72704K, 18% used [0x00000000f6800000,0x00000000f751ea30,0x00000000faf00000)
  to   space 68608K, 0% used [0x00000000fb580000,0x00000000fb580000,0x00000000ff880000)
 ParOldGen       total 395264K, used 350234K [0x00000000a0000000, 0x00000000b8200000, 0x00000000e0000000)
  object space 395264K, 88% used [0x00000000a0000000,0x00000000b5606830,0x00000000b8200000)
 Metaspace       used 102473K, capacity 109552K, committed 109824K, reserved 1144832K
  class space    used 12576K, capacity 13979K, committed 14080K, reserved 1048576K
}
Event: 12951.884 GC heap before
{Heap before GC invocations=114 (full 6):
 PSYoungGen      total 441344K, used 382074K [0x00000000e0000000, 0x00000000ff880000, 0x0000000100000000)
  eden space 368640K, 100% used [0x00000000e0000000,0x00000000f6800000,0x00000000f6800000)
  from space 72704K, 18% used [0x00000000f6800000,0x00000000f751ea30,0x00000000faf00000)
  to   space 68608K, 0% used [0x00000000fb580000,0x00000000fb580000,0x00000000ff880000)
 ParOldGen       total 395264K, used 350234K [0x00000000a0000000, 0x00000000b8200000, 0x00000000e0000000)
  object space 395264K, 88% used [0x00000000a0000000,0x00000000b5606830,0x00000000b8200000)
 Metaspace       used 102751K, capacity 109854K, committed 110080K, reserved 1144832K
  class space    used 12598K, capacity 14017K, committed 14080K, reserved 1048576K
Event: 12951.983 GC heap after
Heap after GC invocations=114 (full 6):
 PSYoungGen      total 449536K, used 2560K [0x00000000e0000000, 0x00000000ff800000, 0x0000000100000000)
  eden space 381440K, 0% used [0x00000000e0000000,0x00000000e0000000,0x00000000f7480000)
  from space 68096K, 3% used [0x00000000fb580000,0x00000000fb800048,0x00000000ff800000)
  to   space 66560K, 0% used [0x00000000f7480000,0x00000000f7480000,0x00000000fb580000)
 ParOldGen       total 395264K, used 350682K [0x00000000a0000000, 0x00000000b8200000, 0x00000000e0000000)
  object space 395264K, 88% used [0x00000000a0000000,0x00000000b56768a0,0x00000000b8200000)
 Metaspace       used 102751K, capacity 109854K, committed 110080K, reserved 1144832K
  class space    used 12598K, capacity 14017K, committed 14080K, reserved 1048576K
}
Event: 13685.553 GC heap before
{Heap before GC invocations=115 (full 6):
 PSYoungGen      total 449536K, used 384000K [0x00000000e0000000, 0x00000000ff800000, 0x0000000100000000)
  eden space 381440K, 100% used [0x00000000e0000000,0x00000000f7480000,0x00000000f7480000)
  from space 68096K, 3% used [0x00000000fb580000,0x00000000fb800048,0x00000000ff800000)
  to   space 66560K, 0% used [0x00000000f7480000,0x00000000f7480000,0x00000000fb580000)
 ParOldGen       total 395264K, used 350682K [0x00000000a0000000, 0x00000000b8200000, 0x00000000e0000000)
  object space 395264K, 88% used [0x00000000a0000000,0x00000000b56768a0,0x00000000b8200000)
 Metaspace       used 103028K, capacity 110158K, committed 110464K, reserved 1144832K
  class space    used 12620K, capacity 14057K, committed 14208K, reserved 1048576K
Event: 13688.546 GC heap after
Heap after GC invocations=115 (full 6):
 PSYoungGen      total 448000K, used 56853K [0x00000000e0000000, 0x0000000100000000, 0x0000000100000000)
  eden space 381440K, 0% used [0x00000000e0000000,0x00000000e0000000,0x00000000f7480000)
  from space 66560K, 85% used [0x00000000f7480000,0x00000000fac055c0,0x00000000fb580000)
  to   space 76288K, 0% used [0x00000000fb580000,0x00000000fb580000,0x0000000100000000)
 ParOldGen       total 395264K, used 351498K [0x00000000a0000000, 0x00000000b8200000, 0x00000000e0000000)
  object space 395264K, 88% used [0x00000000a0000000,0x00000000b5742900,0x00000000b8200000)
 Metaspace       used 103028K, capacity 110158K, committed 110464K, reserved 1144832K
  class space    used 12620K, capacity 14057K, committed 14208K, reserved 1048576K
}
Event: 13707.860 GC heap before
{Heap before GC invocations=116 (full 6):
 PSYoungGen      total 448000K, used 437542K [0x00000000e0000000, 0x0000000100000000, 0x0000000100000000)
  eden space 381440K, 99% used [0x00000000e0000000,0x00000000f73c4380,0x00000000f7480000)
  from space 66560K, 85% used [0x00000000f7480000,0x00000000fac055c0,0x00000000fb580000)
  to   space 76288K, 0% used [0x00000000fb580000,0x00000000fb580000,0x0000000100000000)
 ParOldGen       total 395264K, used 351498K [0x00000000a0000000, 0x00000000b8200000, 0x00000000e0000000)
  object space 395264K, 88% used [0x00000000a0000000,0x00000000b5742900,0x00000000b8200000)
 Metaspace       used 103035K, capacity 110158K, committed 110464K, reserved 1144832K
  class space    used 12621K, capacity 14057K, committed 14208K, reserved 1048576K
Event: 13709.114 GC heap after
Heap after GC invocations=116 (full 6):
 PSYoungGen      total 452608K, used 19749K [0x00000000e0000000, 0x00000000fff80000, 0x0000000100000000)
  eden space 376832K, 0% used [0x00000000e0000000,0x00000000e0000000,0x00000000f7000000)
  from space 75776K, 26% used [0x00000000fb580000,0x00000000fc8c97a8,0x00000000fff80000)
  to   space 71168K, 0% used [0x00000000f7000000,0x00000000f7000000,0x00000000fb580000)
 ParOldGen       total 395264K, used 357400K [0x00000000a0000000, 0x00000000b8200000, 0x00000000e0000000)
  object space 395264K, 90% used [0x00000000a0000000,0x00000000b5d06210,0x00000000b8200000)
 Metaspace       used 103035K, capacity 110158K, committed 110464K, reserved 1144832K
  class space    used 12621K, capacity 14057K, committed 14208K, reserved 1048576K
}

